Wed, 23 Sep 2020 12:32:04 GMT: {}
Wed, 23 Sep 2020 12:32:11 GMT: {}
Wed, 23 Sep 2020 13:22:46 GMT: {}
Wed, 30 Sep 2020 13:00:36 GMT: {"name":"MongoTimeoutError"}
Wed, 30 Sep 2020 13:04:06 GMT: {"name":"MongoError"}
Wed, 30 Sep 2020 13:04:06 GMT: {"name":"MongoError"}
Wed, 30 Sep 2020 13:04:10 GMT: {"name":"MongoError"}
Wed, 30 Sep 2020 13:06:06 GMT: {"name":"MongoError"}
Wed, 30 Sep 2020 13:06:06 GMT: {"name":"MongoError"}
Wed, 30 Sep 2020 13:16:48 GMT: {"name":"MongoTimeoutError"}
Wed, 30 Sep 2020 13:17:13 GMT: {"name":"MongoError"}
Wed, 30 Sep 2020 13:19:03 GMT: {"name":"MongoTimeoutError"}
Wed, 30 Sep 2020 13:20:14 GMT: {"name":"MongoError"}
Wed, 30 Sep 2020 13:21:24 GMT: {"name":"MongoTimeoutError"}
Wed, 30 Sep 2020 13:21:26 GMT: {"name":"MongoError"}
Wed, 30 Sep 2020 13:23:03 GMT: {"name":"MongoTimeoutError"}
Wed, 30 Sep 2020 13:23:45 GMT: {"name":"MongoError"}
Wed, 30 Sep 2020 13:24:25 GMT: {"name":"MongoError"}
Wed, 30 Sep 2020 13:24:45 GMT: {"name":"MongoTimeoutError"}
Wed, 30 Sep 2020 13:26:01 GMT: {"name":"MongoTimeoutError"}
Wed, 30 Sep 2020 13:27:28 GMT: {"name":"MongoError"}
Wed, 30 Sep 2020 13:28:38 GMT: {"name":"MongoTimeoutError"}
Wed, 30 Sep 2020 13:29:10 GMT: {"name":"MongoError"}
Wed, 30 Sep 2020 13:30:07 GMT: {"name":"MongoTimeoutError"}
Wed, 30 Sep 2020 13:30:22 GMT: {"name":"MongoError"}
Wed, 30 Sep 2020 13:31:04 GMT: {"name":"MongoError"}
Wed, 30 Sep 2020 13:31:06 GMT: {"name":"MongoTimeoutError"}
Wed, 30 Sep 2020 13:33:12 GMT: {"name":"MongoTimeoutError"}
Wed, 30 Sep 2020 13:33:37 GMT: {"name":"MongoError"}
Wed, 30 Sep 2020 13:34:34 GMT: {"name":"MongoTimeoutError"}
Wed, 30 Sep 2020 13:34:59 GMT: {"name":"MongoError"}
Wed, 30 Sep 2020 13:35:47 GMT: {"name":"MongoTimeoutError"}
Wed, 30 Sep 2020 13:35:58 GMT: {"name":"MongoError"}
Wed, 30 Sep 2020 13:36:52 GMT: {"name":"MongoError"}
Wed, 30 Sep 2020 13:37:00 GMT: {"name":"MongoTimeoutError"}
Wed, 30 Sep 2020 13:37:54 GMT: {"name":"MongoTimeoutError"}
Wed, 30 Sep 2020 13:39:10 GMT: {"name":"MongoError"}
Wed, 30 Sep 2020 13:40:33 GMT: {"name":"MongoTimeoutError"}
Wed, 30 Sep 2020 13:43:15 GMT: {"name":"MongoError"}
Wed, 30 Sep 2020 13:44:10 GMT: {"name":"MongoTimeoutError"}
Wed, 30 Sep 2020 13:45:42 GMT: {"name":"MongoError"}
Wed, 30 Sep 2020 13:47:47 GMT: {"name":"MongoTimeoutError"}
Wed, 30 Sep 2020 13:47:50 GMT: {"name":"MongoError"}
Wed, 30 Sep 2020 13:51:57 GMT: {"name":"MongoTimeoutError"}
Wed, 30 Sep 2020 13:52:00 GMT: {"name":"MongoError"}
Wed, 30 Sep 2020 13:52:48 GMT: {"name":"MongoTimeoutError"}
Wed, 30 Sep 2020 13:53:07 GMT: {"name":"MongoError"}
Wed, 30 Sep 2020 13:54:37 GMT: {"name":"MongoTimeoutError"}
Wed, 30 Sep 2020 13:55:54 GMT: {"name":"MongoTimeoutError"}
Wed, 30 Sep 2020 13:56:16 GMT: {"name":"MongoError"}
Wed, 30 Sep 2020 13:58:09 GMT: {"name":"MongoTimeoutError"}
Wed, 30 Sep 2020 13:58:41 GMT: {"name":"MongoError"}
Wed, 30 Sep 2020 14:00:41 GMT: {"name":"MongoTimeoutError"}
Wed, 30 Sep 2020 14:00:45 GMT: {"name":"MongoError"}
Wed, 30 Sep 2020 14:01:42 GMT: {"name":"MongoTimeoutError"}
Wed, 30 Sep 2020 14:04:02 GMT: {"name":"MongoError"}
Wed, 30 Sep 2020 14:05:38 GMT: {"name":"MongoTimeoutError"}
Wed, 30 Sep 2020 14:07:02 GMT: {"name":"MongoError"}
Wed, 30 Sep 2020 14:08:27 GMT: {"name":"MongoTimeoutError"}
Wed, 30 Sep 2020 14:08:40 GMT: {"name":"MongoError"}
Wed, 30 Sep 2020 14:09:51 GMT: {"name":"MongoTimeoutError"}
Wed, 30 Sep 2020 14:09:54 GMT: {"name":"MongoError"}
Wed, 30 Sep 2020 14:10:57 GMT: {"name":"MongoTimeoutError"}
Wed, 30 Sep 2020 14:11:04 GMT: {"name":"MongoError"}
Wed, 30 Sep 2020 14:11:50 GMT: {"name":"MongoError"}
Wed, 30 Sep 2020 14:11:56 GMT: {"name":"MongoTimeoutError"}
Wed, 30 Sep 2020 14:12:34 GMT: {"name":"MongoTimeoutError"}
Wed, 30 Sep 2020 14:12:37 GMT: {"name":"MongoError"}
Wed, 30 Sep 2020 14:14:02 GMT: {"name":"MongoTimeoutError"}
Wed, 30 Sep 2020 14:14:30 GMT: {"name":"MongoError"}
Wed, 30 Sep 2020 14:15:43 GMT: {"name":"MongoError"}
Wed, 30 Sep 2020 14:15:43 GMT: {"name":"MongoTimeoutError"}
Wed, 30 Sep 2020 14:16:39 GMT: {"name":"MongoTimeoutError"}
Wed, 30 Sep 2020 14:16:57 GMT: {"name":"MongoError"}
Wed, 30 Sep 2020 14:17:52 GMT: {"name":"MongoTimeoutError"}
Wed, 30 Sep 2020 14:18:30 GMT: {"name":"MongoError"}
Wed, 30 Sep 2020 14:19:04 GMT: {"name":"MongoError"}
Wed, 30 Sep 2020 14:19:24 GMT: {"name":"MongoTimeoutError"}
Wed, 30 Sep 2020 14:22:08 GMT: {"name":"MongoError"}
Wed, 30 Sep 2020 14:22:19 GMT: {"name":"MongoError"}
Wed, 30 Sep 2020 14:22:31 GMT: {"name":"MongoError"}
Wed, 30 Sep 2020 14:22:49 GMT: {"name":"MongoTimeoutError"}
Wed, 30 Sep 2020 14:23:19 GMT: {"name":"MongoTimeoutError"}
Wed, 30 Sep 2020 14:23:48 GMT: {"name":"MongoError"}
Wed, 30 Sep 2020 14:24:29 GMT: {"name":"MongoTimeoutError"}
Wed, 30 Sep 2020 14:24:36 GMT: {"name":"MongoError"}
Wed, 30 Sep 2020 14:25:16 GMT: {"name":"MongoError"}
Wed, 30 Sep 2020 14:25:25 GMT: {"name":"MongoTimeoutError"}
Wed, 30 Sep 2020 14:25:50 GMT: {"name":"MongoError"}
Wed, 30 Sep 2020 14:26:00 GMT: {"name":"MongoTimeoutError"}
Wed, 30 Sep 2020 14:27:20 GMT: {"name":"MongoError"}
Wed, 30 Sep 2020 14:27:23 GMT: {"name":"MongoTimeoutError"}
Wed, 30 Sep 2020 14:28:49 GMT: {"name":"MongoError"}
Wed, 30 Sep 2020 14:29:00 GMT: {"name":"MongoTimeoutError"}
Wed, 30 Sep 2020 14:29:58 GMT: {"name":"MongoError"}
Wed, 30 Sep 2020 14:30:16 GMT: {"name":"MongoTimeoutError"}
Wed, 30 Sep 2020 14:31:12 GMT: {"name":"MongoTimeoutError"}
Wed, 30 Sep 2020 14:32:17 GMT: {"name":"MongoError"}
Wed, 30 Sep 2020 14:40:07 GMT: {"name":"MongoTimeoutError"}
Wed, 30 Sep 2020 14:40:25 GMT: {"name":"MongoError"}
Wed, 30 Sep 2020 14:42:17 GMT: {"name":"MongoError"}
Wed, 30 Sep 2020 14:42:30 GMT: {"name":"MongoTimeoutError"}
Wed, 30 Sep 2020 14:43:06 GMT: {"name":"MongoTimeoutError"}
Wed, 30 Sep 2020 14:43:37 GMT: {"name":"MongoError"}
Wed, 30 Sep 2020 14:47:46 GMT: {"name":"MongoError"}
Wed, 30 Sep 2020 14:47:50 GMT: {"name":"MongoTimeoutError"}
Wed, 30 Sep 2020 14:49:54 GMT: {"name":"MongoTimeoutError"}
Wed, 30 Sep 2020 14:49:56 GMT: {"name":"MongoError"}
Wed, 30 Sep 2020 14:50:50 GMT: {"name":"MongoTimeoutError"}
Wed, 30 Sep 2020 14:51:59 GMT: {"name":"MongoError"}
Wed, 30 Sep 2020 14:52:40 GMT: {"name":"MongoError"}
Wed, 30 Sep 2020 14:52:57 GMT: {"name":"MongoTimeoutError"}
Wed, 30 Sep 2020 14:56:36 GMT: {"name":"MongoTimeoutError"}
Wed, 30 Sep 2020 14:56:38 GMT: {"name":"MongoError"}
Wed, 30 Sep 2020 14:58:24 GMT: {"name":"MongoTimeoutError"}
Wed, 30 Sep 2020 14:58:28 GMT: {"name":"MongoError"}
Wed, 30 Sep 2020 14:59:13 GMT: {"name":"MongoError"}
Wed, 30 Sep 2020 14:59:34 GMT: {"name":"MongoTimeoutError"}
Wed, 30 Sep 2020 15:00:03 GMT: {"name":"MongoError"}
Wed, 30 Sep 2020 15:00:16 GMT: {"name":"MongoError"}
Wed, 30 Sep 2020 15:00:36 GMT: {"name":"MongoError"}
Wed, 30 Sep 2020 15:00:46 GMT: {"name":"MongoTimeoutError"}
Wed, 30 Sep 2020 15:01:25 GMT: {"name":"MongoTimeoutError"}
Wed, 30 Sep 2020 15:01:30 GMT: {"name":"MongoError"}
Wed, 30 Sep 2020 15:02:21 GMT: {"name":"MongoError"}
Wed, 30 Sep 2020 15:02:28 GMT: {"name":"MongoTimeoutError"}
Wed, 30 Sep 2020 15:03:54 GMT: {"name":"MongoTimeoutError"}
Wed, 30 Sep 2020 15:04:23 GMT: {"name":"MongoError"}
Wed, 30 Sep 2020 15:05:02 GMT: {"name":"MongoError"}
Wed, 30 Sep 2020 15:05:20 GMT: {"name":"MongoTimeoutError"}
Wed, 30 Sep 2020 15:06:08 GMT: {"name":"MongoTimeoutError"}
Wed, 30 Sep 2020 15:08:42 GMT: {"name":"MongoError"}
Wed, 30 Sep 2020 15:10:14 GMT: {"name":"MongoTimeoutError"}
Wed, 30 Sep 2020 15:10:55 GMT: {"name":"MongoError"}
Wed, 30 Sep 2020 15:11:19 GMT: {"name":"MongoError"}
Wed, 30 Sep 2020 15:11:37 GMT: {"name":"MongoTimeoutError"}
Wed, 30 Sep 2020 15:12:24 GMT: {"name":"MongoError"}
Wed, 30 Sep 2020 15:12:36 GMT: {"name":"MongoError"}
Wed, 30 Sep 2020 15:13:06 GMT: {"name":"MongoTimeoutError"}
Wed, 30 Sep 2020 15:13:31 GMT: {"name":"MongoError"}
Wed, 30 Sep 2020 15:14:26 GMT: {"name":"MongoTimeoutError"}
Wed, 30 Sep 2020 15:14:26 GMT: {"name":"MongoError"}
Wed, 30 Sep 2020 15:15:14 GMT: {"name":"MongoError"}
Wed, 30 Sep 2020 15:15:22 GMT: {"name":"MongoTimeoutError"}
Wed, 30 Sep 2020 15:15:57 GMT: {"name":"MongoError"}
Wed, 30 Sep 2020 15:16:00 GMT: {"name":"MongoError"}
Wed, 30 Sep 2020 15:16:12 GMT: {"name":"MongoError"}
Wed, 30 Sep 2020 15:16:30 GMT: {"name":"MongoTimeoutError"}
Wed, 30 Sep 2020 15:17:35 GMT: {"name":"MongoTimeoutError"}
Wed, 30 Sep 2020 15:17:38 GMT: {"name":"MongoError"}
Wed, 30 Sep 2020 15:18:08 GMT: {"name":"MongoError"}
Wed, 30 Sep 2020 15:18:18 GMT: {"name":"MongoError"}
Wed, 30 Sep 2020 15:18:47 GMT: {"name":"MongoError"}
Wed, 30 Sep 2020 15:18:48 GMT: {"name":"MongoTimeoutError"}
Wed, 30 Sep 2020 15:20:02 GMT: {"name":"MongoError"}
Wed, 30 Sep 2020 15:20:18 GMT: {"name":"MongoTimeoutError"}
Wed, 30 Sep 2020 15:21:16 GMT: {"name":"MongoTimeoutError"}
Wed, 30 Sep 2020 15:23:04 GMT: {"name":"MongoError"}
Wed, 30 Sep 2020 15:24:14 GMT: {"name":"MongoTimeoutError"}
Wed, 30 Sep 2020 15:25:39 GMT: {"name":"MongoError"}
Wed, 30 Sep 2020 15:27:17 GMT: {"name":"MongoTimeoutError"}
Wed, 30 Sep 2020 15:27:54 GMT: {"name":"MongoError"}
Wed, 30 Sep 2020 15:28:39 GMT: {"name":"MongoTimeoutError"}
Wed, 30 Sep 2020 15:31:13 GMT: {"name":"MongoError"}
Wed, 30 Sep 2020 15:31:57 GMT: {"name":"MongoError"}
Wed, 30 Sep 2020 15:31:57 GMT: {"name":"MongoTimeoutError"}
Wed, 30 Sep 2020 15:34:44 GMT: {"name":"MongoTimeoutError"}
Wed, 30 Sep 2020 15:38:01 GMT: {"name":"MongoTimeoutError"}
Wed, 30 Sep 2020 16:02:12 GMT: {"name":"MongoTimeoutError"}
Wed, 30 Sep 2020 16:07:00 GMT: {"name":"MongoError"}
Wed, 30 Sep 2020 16:09:19 GMT: {"name":"MongoTimeoutError"}
Wed, 30 Sep 2020 16:09:30 GMT: {"name":"MongoError"}
Wed, 30 Sep 2020 16:10:23 GMT: {"name":"MongoTimeoutError"}
Wed, 30 Sep 2020 18:59:21 GMT: {"name":"MongoTimeoutError"}
Wed, 30 Sep 2020 20:57:54 GMT: {"name":"MongoError"}
Wed, 30 Sep 2020 20:58:07 GMT: {"name":"MongoTimeoutError"}
Wed, 30 Sep 2020 21:05:22 GMT: {"name":"MongoTimeoutError"}
Wed, 30 Sep 2020 21:41:51 GMT: {"name":"MongoError"}
Thu, 01 Oct 2020 05:08:03 GMT: {"name":"MongoTimeoutError"}
Thu, 01 Oct 2020 05:39:43 GMT: {"name":"MongoTimeoutError"}
Thu, 01 Oct 2020 05:56:04 GMT: {"name":"MongoError"}
Thu, 01 Oct 2020 05:56:16 GMT: {"name":"MongoError"}
Thu, 01 Oct 2020 05:56:16 GMT: {"name":"MongoError"}
Thu, 01 Oct 2020 05:59:37 GMT: {"name":"MongoTimeoutError"}
Thu, 01 Oct 2020 06:00:25 GMT: {"name":"MongoError"}
Thu, 01 Oct 2020 06:00:49 GMT: {"name":"MongoError"}
Thu, 01 Oct 2020 06:01:05 GMT: {"name":"MongoTimeoutError"}
Thu, 01 Oct 2020 06:01:51 GMT: {"name":"MongoError"}
Thu, 01 Oct 2020 06:02:06 GMT: {"name":"MongoTimeoutError"}
Thu, 01 Oct 2020 06:02:34 GMT: {"name":"MongoError"}
Thu, 01 Oct 2020 06:02:40 GMT: {"name":"MongoTimeoutError"}
Thu, 01 Oct 2020 06:03:22 GMT: {"name":"MongoTimeoutError"}
Thu, 01 Oct 2020 06:03:24 GMT: {"name":"MongoError"}
Thu, 01 Oct 2020 07:06:22 GMT: {"name":"MongoTimeoutError"}
Thu, 01 Oct 2020 07:16:28 GMT: {"name":"MongoError"}
Thu, 01 Oct 2020 12:17:59 GMT: {"name":"MongoError"}
Thu, 01 Oct 2020 12:18:08 GMT: {"name":"MongoTimeoutError"}
Thu, 01 Oct 2020 12:19:19 GMT: {"name":"MongoError"}
Thu, 01 Oct 2020 12:21:02 GMT: {"name":"MongoTimeoutError"}
Thu, 01 Oct 2020 12:31:49 GMT: {"name":"MongoTimeoutError"}
Thu, 01 Oct 2020 12:31:49 GMT: {"name":"MongoError"}
Thu, 01 Oct 2020 12:32:51 GMT: {"name":"MongoError"}
Thu, 01 Oct 2020 12:32:51 GMT: {"name":"MongoTimeoutError"}
Thu, 01 Oct 2020 12:34:34 GMT: {"name":"MongoTimeoutError"}
Thu, 01 Oct 2020 13:48:14 GMT: {"name":"MongoTimeoutError"}
Thu, 01 Oct 2020 13:56:23 GMT: {"name":"MongoTimeoutError"}
Thu, 01 Oct 2020 13:57:02 GMT: {"name":"MongoError"}
Thu, 01 Oct 2020 14:00:47 GMT: {"name":"MongoError"}
Thu, 01 Oct 2020 14:01:02 GMT: {"name":"MongoTimeoutError"}
Thu, 01 Oct 2020 14:01:56 GMT: {"name":"MongoTimeoutError"}
Thu, 01 Oct 2020 14:02:13 GMT: {"name":"MongoError"}
Thu, 01 Oct 2020 14:03:03 GMT: {"name":"MongoTimeoutError"}
Thu, 01 Oct 2020 14:03:25 GMT: {"name":"MongoError"}
Thu, 01 Oct 2020 14:05:19 GMT: {"name":"MongoTimeoutError"}
Thu, 01 Oct 2020 14:05:29 GMT: {"name":"MongoError"}
Thu, 01 Oct 2020 14:06:29 GMT: {"name":"MongoError"}
Thu, 01 Oct 2020 14:06:38 GMT: {"name":"MongoTimeoutError"}
Thu, 01 Oct 2020 14:06:55 GMT: {"name":"MongoError"}
Thu, 01 Oct 2020 14:07:12 GMT: {"name":"MongoTimeoutError"}
Thu, 01 Oct 2020 14:13:27 GMT: {"name":"MongoTimeoutError"}
Thu, 01 Oct 2020 14:16:22 GMT: {"name":"MongoTimeoutError"}
Thu, 01 Oct 2020 14:16:37 GMT: {"name":"MongoError"}
Thu, 01 Oct 2020 14:17:14 GMT: {"name":"MongoTimeoutError"}
Thu, 01 Oct 2020 14:29:39 GMT: {"name":"MongoTimeoutError"}
Thu, 01 Oct 2020 14:33:25 GMT: {"name":"MongoTimeoutError"}
Thu, 01 Oct 2020 14:35:19 GMT: {"name":"MongoError"}
Thu, 01 Oct 2020 14:43:36 GMT: {"name":"MongoTimeoutError"}
Thu, 01 Oct 2020 14:46:30 GMT: {"name":"MongoError"}
Thu, 01 Oct 2020 14:46:35 GMT: {"name":"MongoError"}
Thu, 01 Oct 2020 14:47:48 GMT: {"name":"MongoError"}
Thu, 01 Oct 2020 14:48:04 GMT: {"name":"MongoTimeoutError"}
Thu, 01 Oct 2020 14:50:40 GMT: {"name":"MongoError"}
Thu, 01 Oct 2020 14:51:10 GMT: {"name":"MongoTimeoutError"}
Thu, 01 Oct 2020 14:53:41 GMT: {"name":"MongoError"}
Thu, 01 Oct 2020 14:59:20 GMT: {"name":"MongoTimeoutError"}
Thu, 01 Oct 2020 15:03:38 GMT: {"name":"MongoError"}
Thu, 01 Oct 2020 15:11:06 GMT: {"name":"MongoTimeoutError"}
Thu, 01 Oct 2020 15:29:00 GMT: {"name":"MongoError"}
Thu, 01 Oct 2020 18:30:52 GMT: {"name":"MongoTimeoutError"}
Thu, 01 Oct 2020 18:37:38 GMT: {"name":"MongoError"}
Thu, 01 Oct 2020 18:39:03 GMT: {"name":"MongoTimeoutError"}
Thu, 01 Oct 2020 18:45:58 GMT: {"name":"MongoError"}
Thu, 01 Oct 2020 18:47:41 GMT: {"name":"MongoTimeoutError"}
Thu, 01 Oct 2020 18:47:52 GMT: {"name":"MongoError"}
Thu, 01 Oct 2020 18:48:37 GMT: {"name":"MongoTimeoutError"}
Thu, 01 Oct 2020 18:50:35 GMT: {"name":"MongoError"}
Thu, 01 Oct 2020 18:52:17 GMT: {"name":"MongoTimeoutError"}
Thu, 01 Oct 2020 18:53:08 GMT: {"name":"MongoError"}
Thu, 01 Oct 2020 18:55:06 GMT: {"name":"MongoTimeoutError"}
Thu, 01 Oct 2020 18:55:19 GMT: {"name":"MongoError"}
Thu, 01 Oct 2020 18:55:54 GMT: {"name":"MongoError"}
Thu, 01 Oct 2020 18:56:10 GMT: {"name":"MongoTimeoutError"}
Thu, 01 Oct 2020 19:01:51 GMT: {"name":"MongoTimeoutError"}
Thu, 01 Oct 2020 19:10:05 GMT: {"name":"MongoError"}
Thu, 01 Oct 2020 19:12:08 GMT: {"name":"MongoTimeoutError"}
Thu, 01 Oct 2020 19:12:26 GMT: {"name":"MongoError"}
Thu, 01 Oct 2020 19:14:33 GMT: {"name":"MongoTimeoutError"}
Thu, 01 Oct 2020 19:16:22 GMT: {"name":"MongoError"}
Thu, 01 Oct 2020 19:16:48 GMT: {"name":"MongoError"}
Thu, 01 Oct 2020 19:17:05 GMT: {"name":"MongoTimeoutError"}
Thu, 01 Oct 2020 19:17:56 GMT: {"name":"MongoTimeoutError"}
Thu, 01 Oct 2020 19:18:13 GMT: {"name":"MongoError"}
Thu, 01 Oct 2020 19:25:10 GMT: {"name":"MongoTimeoutError"}
Thu, 01 Oct 2020 19:29:19 GMT: {"name":"MongoError"}
Thu, 01 Oct 2020 19:30:37 GMT: {"name":"MongoTimeoutError"}
Thu, 01 Oct 2020 19:31:33 GMT: {"name":"MongoError"}
Thu, 01 Oct 2020 19:39:23 GMT: {"name":"MongoError"}
Thu, 01 Oct 2020 19:39:28 GMT: {"name":"MongoTimeoutError"}
Thu, 01 Oct 2020 19:41:11 GMT: {"name":"MongoTimeoutError"}
Thu, 01 Oct 2020 19:41:42 GMT: {"name":"MongoError"}
Thu, 01 Oct 2020 19:42:43 GMT: {"name":"MongoError"}
Thu, 01 Oct 2020 19:42:51 GMT: {"name":"MongoTimeoutError"}
Thu, 01 Oct 2020 19:44:32 GMT: {"name":"MongoTimeoutError"}
Thu, 01 Oct 2020 19:45:45 GMT: {"name":"MongoError"}
Thu, 01 Oct 2020 19:47:22 GMT: {"name":"MongoError"}
Thu, 01 Oct 2020 19:47:22 GMT: {"name":"MongoTimeoutError"}
Thu, 01 Oct 2020 19:49:04 GMT: {"name":"MongoTimeoutError"}
Thu, 01 Oct 2020 19:49:29 GMT: {"name":"MongoError"}
Thu, 01 Oct 2020 19:51:06 GMT: {"name":"MongoTimeoutError"}
Thu, 01 Oct 2020 19:51:59 GMT: {"name":"MongoError"}
Thu, 01 Oct 2020 19:53:34 GMT: {"name":"MongoError"}
Thu, 01 Oct 2020 19:53:37 GMT: {"name":"MongoTimeoutError"}
Thu, 01 Oct 2020 19:58:44 GMT: {"name":"MongoTimeoutError"}
Thu, 01 Oct 2020 19:59:08 GMT: {"name":"MongoError"}
Thu, 01 Oct 2020 20:00:09 GMT: {"name":"MongoError"}
Thu, 01 Oct 2020 20:00:22 GMT: {"name":"MongoTimeoutError"}
Thu, 01 Oct 2020 20:01:11 GMT: {"name":"MongoTimeoutError"}
Thu, 01 Oct 2020 20:02:07 GMT: {"name":"MongoError"}
Thu, 01 Oct 2020 20:05:08 GMT: {"name":"MongoTimeoutError"}
Thu, 01 Oct 2020 21:56:01 GMT: {"name":"MongoError"}
Fri, 02 Oct 2020 05:27:16 GMT: {"name":"MongoTimeoutError"}
Fri, 02 Oct 2020 05:31:24 GMT: {"name":"MongoError"}
Fri, 02 Oct 2020 05:32:17 GMT: {"name":"MongoTimeoutError"}
Fri, 02 Oct 2020 05:32:39 GMT: {"name":"MongoError"}
Fri, 02 Oct 2020 05:33:32 GMT: {"name":"MongoError"}
Fri, 02 Oct 2020 05:33:38 GMT: {"name":"MongoTimeoutError"}
Fri, 02 Oct 2020 05:34:09 GMT: {"name":"MongoError"}
Fri, 02 Oct 2020 05:34:21 GMT: {"name":"MongoTimeoutError"}
Fri, 02 Oct 2020 05:35:11 GMT: {"name":"MongoError"}
Fri, 02 Oct 2020 05:35:15 GMT: {"name":"MongoTimeoutError"}
Fri, 02 Oct 2020 05:36:32 GMT: {"name":"MongoTimeoutError"}
Fri, 02 Oct 2020 05:36:57 GMT: {"name":"MongoError"}
Fri, 02 Oct 2020 05:38:28 GMT: {"name":"MongoTimeoutError"}
Fri, 02 Oct 2020 05:38:32 GMT: {"name":"MongoError"}
Fri, 02 Oct 2020 05:39:21 GMT: {"name":"MongoError"}
Fri, 02 Oct 2020 05:39:32 GMT: {"name":"MongoTimeoutError"}
Fri, 02 Oct 2020 05:40:09 GMT: {"name":"MongoTimeoutError"}
Fri, 02 Oct 2020 05:42:32 GMT: {"name":"MongoError"}
Fri, 02 Oct 2020 05:43:34 GMT: {"name":"MongoTimeoutError"}
Fri, 02 Oct 2020 11:18:25 GMT: {"name":"MongoError"}
Fri, 02 Oct 2020 11:19:54 GMT: {"name":"MongoError"}
Fri, 02 Oct 2020 11:20:04 GMT: {"name":"MongoTimeoutError"}
Fri, 02 Oct 2020 11:21:39 GMT: {"name":"MongoTimeoutError"}
Fri, 02 Oct 2020 11:21:40 GMT: {"name":"MongoError"}
Fri, 02 Oct 2020 11:22:23 GMT: {"name":"MongoTimeoutError"}
Fri, 02 Oct 2020 11:22:24 GMT: {"name":"MongoError"}
Fri, 02 Oct 2020 11:23:02 GMT: {"name":"MongoError"}
Fri, 02 Oct 2020 11:23:04 GMT: {"name":"MongoTimeoutError"}
Fri, 02 Oct 2020 11:23:55 GMT: {"name":"MongoError"}
Fri, 02 Oct 2020 11:24:04 GMT: {"name":"MongoTimeoutError"}
Fri, 02 Oct 2020 11:24:52 GMT: {"name":"MongoTimeoutError"}
Fri, 02 Oct 2020 11:29:56 GMT: {"name":"MongoError"}
Fri, 02 Oct 2020 11:30:47 GMT: {"name":"MongoError"}
Fri, 02 Oct 2020 11:30:54 GMT: {"name":"MongoTimeoutError"}
Fri, 02 Oct 2020 11:31:46 GMT: {"name":"MongoTimeoutError"}
Fri, 02 Oct 2020 11:32:28 GMT: {"name":"MongoError"}
Fri, 02 Oct 2020 11:34:12 GMT: {"name":"MongoTimeoutError"}
Fri, 02 Oct 2020 11:34:43 GMT: {"name":"MongoError"}
Fri, 02 Oct 2020 11:35:56 GMT: {"name":"MongoError"}
Fri, 02 Oct 2020 11:36:15 GMT: {"name":"MongoTimeoutError"}
Fri, 02 Oct 2020 11:37:58 GMT: {"name":"MongoError"}
Fri, 02 Oct 2020 11:38:05 GMT: {"name":"MongoTimeoutError"}
Fri, 02 Oct 2020 11:39:55 GMT: {"name":"MongoTimeoutError"}
Fri, 02 Oct 2020 11:41:20 GMT: {"name":"MongoError"}
Fri, 02 Oct 2020 11:42:15 GMT: {"name":"MongoTimeoutError"}
Fri, 02 Oct 2020 11:42:49 GMT: {"name":"MongoError"}
Fri, 02 Oct 2020 11:43:43 GMT: {"name":"MongoError"}
Fri, 02 Oct 2020 11:43:55 GMT: {"name":"MongoTimeoutError"}
Fri, 02 Oct 2020 11:44:30 GMT: {"name":"MongoTimeoutError"}
Fri, 02 Oct 2020 11:44:53 GMT: {"name":"MongoError"}
Fri, 02 Oct 2020 11:45:33 GMT: {"name":"MongoTimeoutError"}
Fri, 02 Oct 2020 11:47:06 GMT: {"name":"MongoError"}
Fri, 02 Oct 2020 11:48:32 GMT: {"name":"MongoError"}
Fri, 02 Oct 2020 11:48:47 GMT: {"name":"MongoTimeoutError"}
Fri, 02 Oct 2020 11:49:57 GMT: {"name":"MongoError"}
Fri, 02 Oct 2020 11:50:14 GMT: {"name":"MongoError"}
Fri, 02 Oct 2020 11:50:27 GMT: {"name":"MongoError"}
Fri, 02 Oct 2020 11:50:34 GMT: {"name":"MongoError"}
Fri, 02 Oct 2020 11:50:43 GMT: {"name":"MongoError"}
Fri, 02 Oct 2020 11:51:04 GMT: {"name":"MongoTimeoutError"}
Fri, 02 Oct 2020 11:52:28 GMT: {"name":"MongoTimeoutError"}
Fri, 02 Oct 2020 11:53:11 GMT: {"name":"MongoError"}
Fri, 02 Oct 2020 11:53:42 GMT: {"name":"MongoError"}
Fri, 02 Oct 2020 11:53:54 GMT: {"name":"MongoTimeoutError"}
Fri, 02 Oct 2020 12:14:53 GMT: {"name":"MongoTimeoutError"}
Fri, 02 Oct 2020 12:14:54 GMT: {"name":"MongoError"}
Fri, 02 Oct 2020 12:15:58 GMT: {"name":"MongoTimeoutError"}
Fri, 02 Oct 2020 12:16:56 GMT: {"name":"MongoError"}
Fri, 02 Oct 2020 12:17:34 GMT: {"name":"MongoError"}
Fri, 02 Oct 2020 12:17:45 GMT: {"name":"MongoTimeoutError"}
Fri, 02 Oct 2020 12:19:54 GMT: {"name":"MongoError"}
Fri, 02 Oct 2020 12:19:58 GMT: {"name":"MongoTimeoutError"}
Fri, 02 Oct 2020 12:22:53 GMT: {"name":"MongoError"}
Fri, 02 Oct 2020 12:23:00 GMT: {"name":"MongoTimeoutError"}
Fri, 02 Oct 2020 12:23:46 GMT: {"name":"MongoTimeoutError"}
Fri, 02 Oct 2020 12:24:43 GMT: {"name":"MongoError"}
Fri, 02 Oct 2020 12:26:06 GMT: {"name":"MongoTimeoutError"}
Fri, 02 Oct 2020 12:28:14 GMT: {"name":"MongoError"}
Fri, 02 Oct 2020 12:28:39 GMT: {"name":"MongoError"}
Fri, 02 Oct 2020 12:28:57 GMT: {"name":"MongoTimeoutError"}
Fri, 02 Oct 2020 12:29:19 GMT: {"name":"MongoError"}
Fri, 02 Oct 2020 12:29:33 GMT: {"name":"MongoError"}
Fri, 02 Oct 2020 12:29:44 GMT: {"name":"MongoError"}
Fri, 02 Oct 2020 12:29:55 GMT: {"name":"MongoError"}
Fri, 02 Oct 2020 12:30:26 GMT: {"name":"MongoTimeoutError"}
Fri, 02 Oct 2020 12:32:21 GMT: {"name":"MongoError"}
Fri, 02 Oct 2020 12:33:25 GMT: {"name":"MongoTimeoutError"}
Fri, 02 Oct 2020 12:34:06 GMT: {"name":"MongoError"}
Fri, 02 Oct 2020 12:35:07 GMT: {"name":"MongoTimeoutError"}
Fri, 02 Oct 2020 12:35:58 GMT: {"name":"MongoError"}
Fri, 02 Oct 2020 12:39:57 GMT: {"name":"MongoTimeoutError"}
Fri, 02 Oct 2020 12:40:07 GMT: {"name":"MongoError"}
Fri, 02 Oct 2020 12:41:06 GMT: {"name":"MongoTimeoutError"}
Fri, 02 Oct 2020 13:11:57 GMT: {"name":"MongoError"}
Fri, 02 Oct 2020 13:12:27 GMT: {"name":"MongoTimeoutError"}
Fri, 02 Oct 2020 13:16:03 GMT: {"name":"MongoTimeoutError"}
Fri, 02 Oct 2020 13:16:54 GMT: {"name":"MongoTimeoutError"}
Fri, 02 Oct 2020 13:26:12 GMT: {"name":"MongoError"}
Fri, 02 Oct 2020 13:26:12 GMT: {"name":"MongoError"}
Fri, 02 Oct 2020 13:26:59 GMT: {"name":"MongoError"}
Fri, 02 Oct 2020 13:27:29 GMT: {"name":"MongoTimeoutError"}
Fri, 02 Oct 2020 13:39:20 GMT: {"name":"MongoTimeoutError"}
Fri, 02 Oct 2020 13:47:49 GMT: {"name":"MongoTimeoutError"}
Fri, 02 Oct 2020 13:51:05 GMT: {"name":"MongoTimeoutError"}
Fri, 02 Oct 2020 13:54:25 GMT: {"name":"MongoTimeoutError"}
Fri, 02 Oct 2020 13:54:27 GMT: {"name":"MongoError"}
Fri, 02 Oct 2020 14:02:59 GMT: {"name":"MongoTimeoutError"}
Fri, 02 Oct 2020 14:07:07 GMT: {"name":"MongoTimeoutError"}
Fri, 02 Oct 2020 14:08:17 GMT: {"name":"MongoError"}
Fri, 02 Oct 2020 14:10:58 GMT: {"name":"MongoError"}
Fri, 02 Oct 2020 14:11:09 GMT: {"name":"MongoTimeoutError"}
Fri, 02 Oct 2020 14:19:15 GMT: {"name":"MongoTimeoutError"}
Fri, 02 Oct 2020 14:26:10 GMT: {"name":"MongoTimeoutError"}
Fri, 02 Oct 2020 14:28:24 GMT: {"name":"MongoTimeoutError"}
Fri, 02 Oct 2020 14:33:31 GMT: {"name":"MongoTimeoutError"}
Fri, 02 Oct 2020 14:37:08 GMT: {"name":"MongoTimeoutError"}
Fri, 02 Oct 2020 14:49:12 GMT: {"name":"MongoError"}
Fri, 02 Oct 2020 14:54:10 GMT: {"name":"MongoTimeoutError"}
Fri, 02 Oct 2020 15:17:41 GMT: {"name":"MongoTimeoutError"}
Fri, 02 Oct 2020 15:18:20 GMT: {"name":"MongoError"}
Fri, 02 Oct 2020 15:19:29 GMT: {"name":"MongoTimeoutError"}
Fri, 02 Oct 2020 15:19:40 GMT: {"name":"MongoError"}
Fri, 02 Oct 2020 15:20:57 GMT: {"name":"MongoTimeoutError"}
Fri, 02 Oct 2020 15:21:00 GMT: {"name":"MongoError"}
Fri, 02 Oct 2020 15:21:40 GMT: {"name":"MongoTimeoutError"}
Fri, 02 Oct 2020 15:32:16 GMT: {"name":"MongoTimeoutError"}
Fri, 02 Oct 2020 15:54:15 GMT: {"name":"MongoError"}
Fri, 02 Oct 2020 15:54:16 GMT: {"name":"MongoError"}
Fri, 02 Oct 2020 15:58:56 GMT: {"name":"MongoTimeoutError"}
Fri, 02 Oct 2020 15:59:05 GMT: {"name":"MongoError"}
Fri, 02 Oct 2020 18:01:11 GMT: {"name":"MongoTimeoutError"}
Fri, 02 Oct 2020 18:01:53 GMT: {"name":"MongoError"}
Fri, 02 Oct 2020 18:02:29 GMT: {"name":"MongoError"}
Fri, 02 Oct 2020 18:02:46 GMT: {"name":"MongoTimeoutError"}
Fri, 02 Oct 2020 19:05:08 GMT: {"name":"MongoTimeoutError"}
Fri, 02 Oct 2020 19:06:24 GMT: {"name":"MongoError"}
Fri, 02 Oct 2020 19:06:29 GMT: {"name":"MongoError"}
Fri, 02 Oct 2020 19:06:59 GMT: {"name":"MongoTimeoutError"}
Fri, 02 Oct 2020 19:09:03 GMT: {"name":"MongoError"}
Fri, 02 Oct 2020 19:09:03 GMT: {"name":"MongoError"}
Fri, 02 Oct 2020 19:09:59 GMT: {"name":"MongoError"}
Fri, 02 Oct 2020 19:10:04 GMT: {"name":"MongoTimeoutError"}
Fri, 02 Oct 2020 19:10:22 GMT: {"name":"MongoError"}
Fri, 02 Oct 2020 19:14:18 GMT: {"name":"MongoError"}
Fri, 02 Oct 2020 19:14:26 GMT: {"name":"MongoError"}
Fri, 02 Oct 2020 19:14:31 GMT: {"name":"MongoError"}
Fri, 02 Oct 2020 19:15:08 GMT: {"name":"MongoError"}
Fri, 02 Oct 2020 19:15:08 GMT: {"name":"MongoError"}
Fri, 02 Oct 2020 19:15:13 GMT: {"name":"MongoError"}
Fri, 02 Oct 2020 19:15:28 GMT: {"name":"MongoError"}
Fri, 02 Oct 2020 19:15:33 GMT: {"name":"MongoError"}
Fri, 02 Oct 2020 19:51:24 GMT: {"name":"MongoError"}
Fri, 02 Oct 2020 19:51:39 GMT: {"name":"MongoError"}
Fri, 02 Oct 2020 19:56:07 GMT: {"name":"MongoTimeoutError","reason":{"name":"MongoNetworkError","errorLabels":["TransientTransactionError"]}}
Fri, 02 Oct 2020 19:58:10 GMT: {"name":"MongoError"}
Fri, 02 Oct 2020 19:58:10 GMT: {"name":"MongoError"}
Fri, 02 Oct 2020 20:08:32 GMT: {"name":"MongoError"}
Fri, 02 Oct 2020 20:08:34 GMT: {"name":"MongoError"}
Fri, 02 Oct 2020 20:08:55 GMT: {"name":"MongoError"}
Fri, 02 Oct 2020 20:08:57 GMT: {"name":"MongoError"}
Fri, 02 Oct 2020 20:12:02 GMT: {"name":"MongoError"}
Sat, 03 Oct 2020 13:37:29 GMT: {"code":"ER_ACCESS_DENIED_ERROR","errno":1045,"sqlMessage":"Access denied for user 'root'@'localhost' (using password: NO)","sqlState":"28000","fatal":true}
Sun, 04 Oct 2020 04:30:12 GMT: {"code":"ER_ACCESS_DENIED_ERROR","errno":1045,"sqlMessage":"Access denied for user ''@'129.205.112.175' (using password: NO)","sqlState":"28000","fatal":true}
Sun, 04 Oct 2020 04:43:09 GMT: {"errno":"ENOTFOUND","code":"ENOTFOUND","syscall":"getaddrinfo","hostname":"qbct6vwi8q648mrn.cbetxkdyhwsb.us-east-1.rds.amazonaws.com","host":"qbct6vwi8q648mrn.cbetxkdyhwsb.us-east-1.rds.amazonaws.com","port":3306,"fatal":true}
